<?xml version="1.0" encoding="UTF-8"?>
<coverage generated="1731049097563" clover="3.2.0">
  <project timestamp="1731049097563" name="All files">
    <metrics statements="17" coveredstatements="15" conditionals="6" coveredconditionals="4" methods="5" coveredmethods="3" elements="28" coveredelements="22" complexity="0" loc="17" ncloc="17" packages="2" files="2" classes="2"/>
    <package name="actions">
      <metrics statements="8" coveredstatements="8" conditionals="0" coveredconditionals="0" methods="4" coveredmethods="2"/>
      <file name="calculatorActions.ts" path="C:\UDT workplace\udt-react-test\src\client\redux\actions\calculatorActions.ts">
        <metrics statements="8" coveredstatements="8" conditionals="0" coveredconditionals="0" methods="4" coveredmethods="2"/>
        <line num="1" count="2" type="stmt"/>
        <line num="2" count="2" type="stmt"/>
        <line num="3" count="2" type="stmt"/>
        <line num="4" count="2" type="stmt"/>
        <line num="6" count="2" type="stmt"/>
        <line num="11" count="2" type="stmt"/>
        <line num="16" count="2" type="stmt"/>
        <line num="20" count="2" type="stmt"/>
      </file>
    </package>
    <package name="reducers">
      <metrics statements="9" coveredstatements="7" conditionals="6" coveredconditionals="4" methods="1" coveredmethods="1"/>
      <file name="calculatorReducer.ts" path="C:\UDT workplace\udt-react-test\src\client\redux\reducers\calculatorReducer.ts">
        <metrics statements="9" coveredstatements="7" conditionals="6" coveredconditionals="4" methods="1" coveredmethods="1"/>
        <line num="1" count="1" type="stmt"/>
        <line num="8" count="1" type="stmt"/>
        <line num="13" count="1" type="cond" truecount="1" falsecount="0"/>
        <line num="14" count="3" type="cond" truecount="3" falsecount="2"/>
        <line num="16" count="1" type="stmt"/>
        <line num="18" count="1" type="stmt"/>
        <line num="20" count="0" type="stmt"/>
        <line num="22" count="0" type="stmt"/>
        <line num="24" count="1" type="stmt"/>
      </file>
    </package>
  </project>
</coverage>
