{"C:\\UDT workplace\\udt-react-test\\src\\client\\redux\\actions\\calculatorActions.ts": {"path":"C:\\UDT workplace\\udt-react-test\\src\\client\\redux\\actions\\calculatorActions.ts","statementMap":{"0":{"start":{"line":1,"column":13},"end":{"line":1,"column":null}},"1":{"start":{"line":2,"column":13},"end":{"line":2,"column":null}},"2":{"start":{"line":3,"column":13},"end":{"line":3,"column":null}},"3":{"start":{"line":4,"column":13},"end":{"line":4,"column":null}},"4":{"start":{"line":6,"column":29},"end":{"line":9,"column":2}},"5":{"start":{"line":6,"column":54},"end":{"line":9,"column":2}},"6":{"start":{"line":6,"column":13},"end":{"line":6,"column":29}},"7":{"start":{"line":11,"column":31},"end":{"line":14,"column":2}},"8":{"start":{"line":11,"column":51},"end":{"line":14,"column":2}},"9":{"start":{"line":11,"column":13},"end":{"line":11,"column":31}},"10":{"start":{"line":16,"column":28},"end":{"line":18,"column":2}},"11":{"start":{"line":16,"column":35},"end":{"line":18,"column":2}},"12":{"start":{"line":16,"column":13},"end":{"line":16,"column":28}},"13":{"start":{"line":20,"column":27},"end":{"line":23,"column":2}},"14":{"start":{"line":20,"column":58},"end":{"line":23,"column":2}},"15":{"start":{"line":20,"column":13},"end":{"line":20,"column":27}}},"fnMap":{"0":{"name":"(anonymous_0)","decl":{"start":{"line":6,"column":29},"end":{"line":6,"column":30}},"loc":{"start":{"line":6,"column":54},"end":{"line":9,"column":2}}},"1":{"name":"(anonymous_1)","decl":{"start":{"line":11,"column":31},"end":{"line":11,"column":32}},"loc":{"start":{"line":11,"column":51},"end":{"line":14,"column":2}}},"2":{"name":"(anonymous_2)","decl":{"start":{"line":16,"column":28},"end":{"line":16,"column":31}},"loc":{"start":{"line":16,"column":35},"end":{"line":18,"column":2}}},"3":{"name":"(anonymous_3)","decl":{"start":{"line":20,"column":27},"end":{"line":20,"column":28}},"loc":{"start":{"line":20,"column":58},"end":{"line":23,"column":2}}}},"branchMap":{},"s":{"0":2,"1":2,"2":2,"3":2,"4":2,"5":1,"6":2,"7":2,"8":1,"9":2,"10":2,"11":0,"12":2,"13":2,"14":0,"15":2},"f":{"0":1,"1":1,"2":0,"3":0},"b":{}}
,"C:\\UDT workplace\\udt-react-test\\src\\client\\redux\\reducers\\calculatorReducer.ts": {"path":"C:\\UDT workplace\\udt-react-test\\src\\client\\redux\\reducers\\calculatorReducer.ts","statementMap":{"0":{"start":{"line":1,"column":0},"end":{"line":1,"column":109}},"1":{"start":{"line":8,"column":38},"end":{"line":11,"column":null}},"2":{"start":{"line":13,"column":33},"end":{"line":26,"column":1}},"3":{"start":{"line":14,"column":2},"end":{"line":25,"column":3}},"4":{"start":{"line":16,"column":6},"end":{"line":16,"column":55}},"5":{"start":{"line":18,"column":6},"end":{"line":18,"column":70}},"6":{"start":{"line":20,"column":6},"end":{"line":20,"column":44}},"7":{"start":{"line":22,"column":6},"end":{"line":22,"column":50}},"8":{"start":{"line":24,"column":6},"end":{"line":24,"column":null}},"9":{"start":{"line":13,"column":13},"end":{"line":13,"column":33}}},"fnMap":{"0":{"name":"(anonymous_0)","decl":{"start":{"line":13,"column":33},"end":{"line":13,"column":34}},"loc":{"start":{"line":13,"column":88},"end":{"line":26,"column":1}}}},"branchMap":{"0":{"loc":{"start":{"line":13,"column":34},"end":{"line":13,"column":54}},"type":"default-arg","locations":[{"start":{"line":13,"column":42},"end":{"line":13,"column":54}}]},"1":{"loc":{"start":{"line":14,"column":2},"end":{"line":25,"column":3}},"type":"switch","locations":[{"start":{"line":15,"column":4},"end":{"line":16,"column":55}},{"start":{"line":17,"column":4},"end":{"line":18,"column":70}},{"start":{"line":19,"column":4},"end":{"line":20,"column":44}},{"start":{"line":21,"column":4},"end":{"line":22,"column":50}},{"start":{"line":23,"column":4},"end":{"line":24,"column":null}}]}},"s":{"0":1,"1":1,"2":1,"3":3,"4":1,"5":1,"6":0,"7":0,"8":1,"9":1},"f":{"0":3},"b":{"0":[1],"1":[1,1,0,0,1]}}
}
