TN:
SF:src\client\redux\actions\calculatorActions.ts
FN:6,(anonymous_0)
FN:11,(anonymous_1)
FN:16,(anonymous_2)
FN:20,(anonymous_3)
FNF:4
FNH:2
FNDA:1,(anonymous_0)
FNDA:1,(anonymous_1)
FNDA:0,(anonymous_2)
FNDA:0,(anonymous_3)
DA:1,2
DA:2,2
DA:3,2
DA:4,2
DA:6,2
DA:11,2
DA:16,2
DA:20,2
LF:8
LH:8
BRF:0
BRH:0
end_of_record
TN:
SF:src\client\redux\reducers\calculatorReducer.ts
FN:13,(anonymous_0)
FNF:1
FNH:1
FNDA:3,(anonymous_0)
DA:1,1
DA:8,1
DA:13,1
DA:14,3
DA:16,1
DA:18,1
DA:20,0
DA:22,0
DA:24,1
LF:9
LH:7
BRDA:13,0,0,1
BRDA:14,1,0,1
BRDA:14,1,1,1
BRDA:14,1,2,0
BRDA:14,1,3,0
BRDA:14,1,4,1
BRF:6
BRH:4
end_of_record
